2024-06-19 14:19:11,629 Data Version - synthetic_data.csv
2024-06-19 14:19:32,581 Data Version - data/synthetic_data.csv
2024-06-19 14:21:15,724 Data Version - data/synthetic_data.csv
2024-06-19 14:21:51,757 Data Version - data/synthetic_data.csv
2024-06-19 14:22:43,040 Data Version - data/synthetic_data.csv
2024-06-19 14:24:00,243 Data Version - data/synthetic_data.csv
2024-06-19 14:24:00,267 Start with80 with1 runs to go
2024-06-19 14:24:23,189 Data Version - data/synthetic_data.csv
2024-06-19 14:24:23,220 Start with80 with1 runs to go
2024-06-19 14:24:23,223 Distribution dropout_mod3
1               1853
0               1070
2024-06-19 14:24:23,224 Distribution AFTER sampling dropout_mod3
1               51
0               29
2024-06-19 14:24:23,225 Features included Index(['login_day_0', 'login_day_1', 'login_day_2', 'login_day_3',
       'login_day_4', 'login_day_5', 'login_day_6', 'start_year', 'Weeks',
       'AN', 'Fit', 'Plus', 'basic', 'original'],
      dtype='object')
2024-06-19 14:24:24,453 lr Best Estimator Mean Training Score: 0.66 and test BACC: 0.47 and AUC 0.48
2024-06-19 14:24:24,461 Start with160 with1 runs to go
2024-06-19 14:24:24,463 Distribution dropout_mod3
1               1853
0               1070
2024-06-19 14:24:24,464 Distribution AFTER sampling dropout_mod3
1               101
0                59
2024-06-19 14:24:24,464 Features included Index(['login_day_0', 'login_day_1', 'login_day_2', 'login_day_3',
       'login_day_4', 'login_day_5', 'login_day_6', 'start_year', 'Weeks',
       'AN', 'Fit', 'Plus', 'basic', 'original'],
      dtype='object')
2024-06-19 14:24:24,622 lr Best Estimator Mean Training Score: 0.67 and test BACC: 0.47 and AUC 0.48
2024-06-19 14:24:24,626 Start with240 with1 runs to go
2024-06-19 14:24:24,628 Distribution dropout_mod3
1               1853
0               1070
2024-06-19 14:24:24,629 Distribution AFTER sampling dropout_mod3
1               152
0                88
2024-06-19 14:24:24,629 Features included Index(['login_day_0', 'login_day_1', 'login_day_2', 'login_day_3',
       'login_day_4', 'login_day_5', 'login_day_6', 'start_year', 'Weeks',
       'AN', 'Fit', 'Plus', 'basic', 'original'],
      dtype='object')
2024-06-19 14:24:24,725 lr Best Estimator Mean Training Score: 0.54 and test BACC: 0.47 and AUC 0.48
2024-06-19 14:24:24,758 Start with320 with1 runs to go
2024-06-19 14:24:24,760 Distribution dropout_mod3
1               1853
0               1070
2024-06-19 14:24:24,763 Distribution AFTER sampling dropout_mod3
1               203
0               117
2024-06-19 14:24:24,763 Features included Index(['login_day_0', 'login_day_1', 'login_day_2', 'login_day_3',
       'login_day_4', 'login_day_5', 'login_day_6', 'start_year', 'Weeks',
       'AN', 'Fit', 'Plus', 'basic', 'original'],
      dtype='object')
2024-06-19 14:24:24,959 lr Best Estimator Mean Training Score: 0.56 and test BACC: 0.48 and AUC 0.48
2024-06-19 14:24:24,963 Start with400 with1 runs to go
2024-06-19 14:24:24,965 Distribution dropout_mod3
1               1853
0               1070
2024-06-19 14:24:24,966 Distribution AFTER sampling dropout_mod3
1               254
0               146
2024-06-19 14:24:24,966 Features included Index(['login_day_0', 'login_day_1', 'login_day_2', 'login_day_3',
       'login_day_4', 'login_day_5', 'login_day_6', 'start_year', 'Weeks',
       'AN', 'Fit', 'Plus', 'basic', 'original'],
      dtype='object')
2024-06-19 14:24:25,071 lr Best Estimator Mean Training Score: 0.55 and test BACC: 0.48 and AUC 0.48
2024-06-19 14:24:25,078 Start with600 with1 runs to go
2024-06-19 14:24:25,079 Distribution dropout_mod3
1               1853
0               1070
2024-06-19 14:24:25,081 Distribution AFTER sampling dropout_mod3
1               380
0               220
2024-06-19 14:24:25,081 Features included Index(['login_day_0', 'login_day_1', 'login_day_2', 'login_day_3',
       'login_day_4', 'login_day_5', 'login_day_6', 'start_year', 'Weeks',
       'AN', 'Fit', 'Plus', 'basic', 'original'],
      dtype='object')
2024-06-19 14:24:25,233 lr Best Estimator Mean Training Score: 0.52 and test BACC: 0.48 and AUC 0.48
2024-06-19 14:24:25,237 Start with800 with1 runs to go
2024-06-19 14:24:25,239 Distribution dropout_mod3
1               1853
0               1070
2024-06-19 14:24:25,240 Distribution AFTER sampling dropout_mod3
1               507
0               293
2024-06-19 14:24:25,240 Features included Index(['login_day_0', 'login_day_1', 'login_day_2', 'login_day_3',
       'login_day_4', 'login_day_5', 'login_day_6', 'start_year', 'Weeks',
       'AN', 'Fit', 'Plus', 'basic', 'original'],
      dtype='object')
2024-06-19 14:24:25,356 lr Best Estimator Mean Training Score: 0.54 and test BACC: 0.5 and AUC 0.51
2024-06-19 14:24:25,361 Start with1200 with1 runs to go
2024-06-19 14:24:25,362 Distribution dropout_mod3
1               1853
0               1070
2024-06-19 14:24:25,364 Distribution AFTER sampling dropout_mod3
1               761
0               439
2024-06-19 14:24:25,364 Features included Index(['login_day_0', 'login_day_1', 'login_day_2', 'login_day_3',
       'login_day_4', 'login_day_5', 'login_day_6', 'start_year', 'Weeks',
       'AN', 'Fit', 'Plus', 'basic', 'original'],
      dtype='object')
2024-06-19 14:24:25,529 lr Best Estimator Mean Training Score: 0.53 and test BACC: 0.5 and AUC 0.49
2024-06-19 14:24:25,533 Start with1600 with1 runs to go
2024-06-19 14:24:25,534 Distribution dropout_mod3
1               1853
0               1070
2024-06-19 14:24:25,538 Distribution AFTER sampling dropout_mod3
1               1014
0                586
2024-06-19 14:24:25,539 Features included Index(['login_day_0', 'login_day_1', 'login_day_2', 'login_day_3',
       'login_day_4', 'login_day_5', 'login_day_6', 'start_year', 'Weeks',
       'AN', 'Fit', 'Plus', 'basic', 'original'],
      dtype='object')
2024-06-19 14:24:25,772 lr Best Estimator Mean Training Score: 0.53 and test BACC: 0.48 and AUC 0.48
2024-06-19 14:24:25,777 Start with2000 with1 runs to go
2024-06-19 14:24:25,778 Distribution dropout_mod3
1               1853
0               1070
2024-06-19 14:24:25,780 Distribution AFTER sampling dropout_mod3
1               1268
0                732
2024-06-19 14:24:25,780 Features included Index(['login_day_0', 'login_day_1', 'login_day_2', 'login_day_3',
       'login_day_4', 'login_day_5', 'login_day_6', 'start_year', 'Weeks',
       'AN', 'Fit', 'Plus', 'basic', 'original'],
      dtype='object')
2024-06-19 14:24:25,917 lr Best Estimator Mean Training Score: 0.51 and test BACC: 0.5 and AUC 0.5
2024-06-19 14:24:25,922 Start with2400 with1 runs to go
2024-06-19 14:24:25,923 Distribution dropout_mod3
1               1853
0               1070
2024-06-19 14:24:25,924 Distribution AFTER sampling dropout_mod3
1               1521
0                879
2024-06-19 14:24:25,924 Features included Index(['login_day_0', 'login_day_1', 'login_day_2', 'login_day_3',
       'login_day_4', 'login_day_5', 'login_day_6', 'start_year', 'Weeks',
       'AN', 'Fit', 'Plus', 'basic', 'original'],
      dtype='object')
2024-06-19 14:24:26,079 lr Best Estimator Mean Training Score: 0.49 and test BACC: 0.5 and AUC 0.51
2024-06-19 14:24:26,084 Start with2921 with1 runs to go
2024-06-19 14:24:26,085 Distribution dropout_mod3
1               1853
0               1070
2024-06-19 14:24:26,087 Distribution AFTER sampling dropout_mod3
1               1852
0               1069
2024-06-19 14:24:26,087 Features included Index(['login_day_0', 'login_day_1', 'login_day_2', 'login_day_3',
       'login_day_4', 'login_day_5', 'login_day_6', 'start_year', 'Weeks',
       'AN', 'Fit', 'Plus', 'basic', 'original'],
      dtype='object')
2024-06-19 14:24:26,286 lr Best Estimator Mean Training Score: 0.48 and test BACC: 0.51 and AUC 0.52
2024-06-19 14:24:26,292 Finished
2024-06-19 14:44:46,409 Data Version - data/synthetic_data.csv
2024-06-19 14:44:46,440 Start with80 with1 runs to go
2024-06-19 14:45:48,167 Data Version - data/synthetic_data.csv
2024-06-19 14:45:48,254 Start with80 with1 runs to go
2024-06-19 14:45:48,266 Distribution dropout_mod3
1               1843
0               1080
2024-06-19 14:45:48,270 Distribution AFTER sampling dropout_mod3
1               50
0               30
2024-06-19 14:45:48,270 Features included Index(['login_day_0', 'login_day_1', 'login_day_2', 'login_day_3',
       'login_day_4', 'login_day_5', 'login_day_6', 'screening_wcs',
       'wcs_total', 'Group chat',
       ...
       'zwischen_mahlzeiten_gegessen_mean', 'zwischen_mahlzeiten_gegessen_min',
       'zwischen_mahlzeiten_gegessen_max', 'start_year', 'Weeks', 'AN', 'Fit',
       'Plus', 'basic', 'original'],
      dtype='object', length=207)
2024-06-19 14:45:49,565 lr Best Estimator Mean Training Score: 0.96 and test BACC: 0.96 and AUC 0.91
2024-06-19 14:45:49,573 Start with160 with1 runs to go
2024-06-19 14:45:49,577 Distribution dropout_mod3
1               1843
0               1080
2024-06-19 14:45:49,580 Distribution AFTER sampling dropout_mod3
1               101
0                59
2024-06-19 14:45:49,580 Features included Index(['login_day_0', 'login_day_1', 'login_day_2', 'login_day_3',
       'login_day_4', 'login_day_5', 'login_day_6', 'screening_wcs',
       'wcs_total', 'Group chat',
       ...
       'zwischen_mahlzeiten_gegessen_mean', 'zwischen_mahlzeiten_gegessen_min',
       'zwischen_mahlzeiten_gegessen_max', 'start_year', 'Weeks', 'AN', 'Fit',
       'Plus', 'basic', 'original'],
      dtype='object', length=207)
2024-06-19 14:45:49,842 lr Best Estimator Mean Training Score: 0.98 and test BACC: 0.97 and AUC 0.92
2024-06-19 14:45:49,848 Start with240 with1 runs to go
2024-06-19 14:45:49,852 Distribution dropout_mod3
1               1843
0               1080
2024-06-19 14:45:49,854 Distribution AFTER sampling dropout_mod3
1               151
0                89
2024-06-19 14:45:49,855 Features included Index(['login_day_0', 'login_day_1', 'login_day_2', 'login_day_3',
       'login_day_4', 'login_day_5', 'login_day_6', 'screening_wcs',
       'wcs_total', 'Group chat',
       ...
       'zwischen_mahlzeiten_gegessen_mean', 'zwischen_mahlzeiten_gegessen_min',
       'zwischen_mahlzeiten_gegessen_max', 'start_year', 'Weeks', 'AN', 'Fit',
       'Plus', 'basic', 'original'],
      dtype='object', length=207)
2024-06-19 14:45:50,125 lr Best Estimator Mean Training Score: 0.98 and test BACC: 0.98 and AUC 0.93
2024-06-19 14:45:50,164 Start with320 with1 runs to go
2024-06-19 14:45:50,168 Distribution dropout_mod3
1               1843
0               1080
2024-06-19 14:45:50,171 Distribution AFTER sampling dropout_mod3
1               202
0               118
2024-06-19 14:45:50,171 Features included Index(['login_day_0', 'login_day_1', 'login_day_2', 'login_day_3',
       'login_day_4', 'login_day_5', 'login_day_6', 'screening_wcs',
       'wcs_total', 'Group chat',
       ...
       'zwischen_mahlzeiten_gegessen_mean', 'zwischen_mahlzeiten_gegessen_min',
       'zwischen_mahlzeiten_gegessen_max', 'start_year', 'Weeks', 'AN', 'Fit',
       'Plus', 'basic', 'original'],
      dtype='object', length=207)
2024-06-19 14:45:50,553 lr Best Estimator Mean Training Score: 0.98 and test BACC: 0.98 and AUC 0.93
2024-06-19 14:45:50,560 Start with400 with1 runs to go
2024-06-19 14:45:50,563 Distribution dropout_mod3
1               1843
0               1080
2024-06-19 14:45:50,565 Distribution AFTER sampling dropout_mod3
1               252
0               148
2024-06-19 14:45:50,566 Features included Index(['login_day_0', 'login_day_1', 'login_day_2', 'login_day_3',
       'login_day_4', 'login_day_5', 'login_day_6', 'screening_wcs',
       'wcs_total', 'Group chat',
       ...
       'zwischen_mahlzeiten_gegessen_mean', 'zwischen_mahlzeiten_gegessen_min',
       'zwischen_mahlzeiten_gegessen_max', 'start_year', 'Weeks', 'AN', 'Fit',
       'Plus', 'basic', 'original'],
      dtype='object', length=207)
2024-06-19 14:45:51,048 lr Best Estimator Mean Training Score: 0.97 and test BACC: 0.98 and AUC 0.93
2024-06-19 14:45:51,060 Start with600 with1 runs to go
2024-06-19 14:45:51,064 Distribution dropout_mod3
1               1843
0               1080
2024-06-19 14:45:51,067 Distribution AFTER sampling dropout_mod3
1               378
0               222
2024-06-19 14:45:51,067 Features included Index(['login_day_0', 'login_day_1', 'login_day_2', 'login_day_3',
       'login_day_4', 'login_day_5', 'login_day_6', 'screening_wcs',
       'wcs_total', 'Group chat',
       ...
       'zwischen_mahlzeiten_gegessen_mean', 'zwischen_mahlzeiten_gegessen_min',
       'zwischen_mahlzeiten_gegessen_max', 'start_year', 'Weeks', 'AN', 'Fit',
       'Plus', 'basic', 'original'],
      dtype='object', length=207)
2024-06-19 14:45:51,617 lr Best Estimator Mean Training Score: 0.97 and test BACC: 0.97 and AUC 0.94
2024-06-19 14:45:51,632 Start with800 with1 runs to go
2024-06-19 14:45:51,638 Distribution dropout_mod3
1               1843
0               1080
2024-06-19 14:45:51,644 Distribution AFTER sampling dropout_mod3
1               504
0               296
2024-06-19 14:45:51,644 Features included Index(['login_day_0', 'login_day_1', 'login_day_2', 'login_day_3',
       'login_day_4', 'login_day_5', 'login_day_6', 'screening_wcs',
       'wcs_total', 'Group chat',
       ...
       'zwischen_mahlzeiten_gegessen_mean', 'zwischen_mahlzeiten_gegessen_min',
       'zwischen_mahlzeiten_gegessen_max', 'start_year', 'Weeks', 'AN', 'Fit',
       'Plus', 'basic', 'original'],
      dtype='object', length=207)
2024-06-19 14:45:52,445 lr Best Estimator Mean Training Score: 0.97 and test BACC: 0.97 and AUC 0.93
2024-06-19 14:45:52,458 Start with1200 with1 runs to go
2024-06-19 14:45:52,462 Distribution dropout_mod3
1               1843
0               1080
2024-06-19 14:45:52,468 Distribution AFTER sampling dropout_mod3
1               757
0               443
2024-06-19 14:45:52,468 Features included Index(['login_day_0', 'login_day_1', 'login_day_2', 'login_day_3',
       'login_day_4', 'login_day_5', 'login_day_6', 'screening_wcs',
       'wcs_total', 'Group chat',
       ...
       'zwischen_mahlzeiten_gegessen_mean', 'zwischen_mahlzeiten_gegessen_min',
       'zwischen_mahlzeiten_gegessen_max', 'start_year', 'Weeks', 'AN', 'Fit',
       'Plus', 'basic', 'original'],
      dtype='object', length=207)
2024-06-19 14:45:53,783 lr Best Estimator Mean Training Score: 0.97 and test BACC: 0.97 and AUC 0.94
2024-06-19 14:45:53,791 Start with1600 with1 runs to go
2024-06-19 14:45:53,797 Distribution dropout_mod3
1               1843
0               1080
2024-06-19 14:45:53,804 Distribution AFTER sampling dropout_mod3
1               1009
0                591
2024-06-19 14:45:53,804 Features included Index(['login_day_0', 'login_day_1', 'login_day_2', 'login_day_3',
       'login_day_4', 'login_day_5', 'login_day_6', 'screening_wcs',
       'wcs_total', 'Group chat',
       ...
       'zwischen_mahlzeiten_gegessen_mean', 'zwischen_mahlzeiten_gegessen_min',
       'zwischen_mahlzeiten_gegessen_max', 'start_year', 'Weeks', 'AN', 'Fit',
       'Plus', 'basic', 'original'],
      dtype='object', length=207)
2024-06-19 14:45:57,519 lr Best Estimator Mean Training Score: 0.97 and test BACC: 0.97 and AUC 0.94
2024-06-19 14:45:57,533 Start with2000 with1 runs to go
2024-06-19 14:45:57,540 Distribution dropout_mod3
1               1843
0               1080
2024-06-19 14:45:57,545 Distribution AFTER sampling dropout_mod3
1               1261
0                739
2024-06-19 14:45:57,547 Features included Index(['login_day_0', 'login_day_1', 'login_day_2', 'login_day_3',
       'login_day_4', 'login_day_5', 'login_day_6', 'screening_wcs',
       'wcs_total', 'Group chat',
       ...
       'zwischen_mahlzeiten_gegessen_mean', 'zwischen_mahlzeiten_gegessen_min',
       'zwischen_mahlzeiten_gegessen_max', 'start_year', 'Weeks', 'AN', 'Fit',
       'Plus', 'basic', 'original'],
      dtype='object', length=207)
2024-06-19 14:45:58,735 lr Best Estimator Mean Training Score: 0.97 and test BACC: 0.97 and AUC 0.94
2024-06-19 14:45:58,747 Start with2400 with1 runs to go
2024-06-19 14:45:58,751 Distribution dropout_mod3
1               1843
0               1080
2024-06-19 14:45:58,755 Distribution AFTER sampling dropout_mod3
1               1513
0                887
2024-06-19 14:45:58,755 Features included Index(['login_day_0', 'login_day_1', 'login_day_2', 'login_day_3',
       'login_day_4', 'login_day_5', 'login_day_6', 'screening_wcs',
       'wcs_total', 'Group chat',
       ...
       'zwischen_mahlzeiten_gegessen_mean', 'zwischen_mahlzeiten_gegessen_min',
       'zwischen_mahlzeiten_gegessen_max', 'start_year', 'Weeks', 'AN', 'Fit',
       'Plus', 'basic', 'original'],
      dtype='object', length=207)
2024-06-19 14:46:00,201 lr Best Estimator Mean Training Score: 0.97 and test BACC: 0.97 and AUC 0.94
2024-06-19 14:46:00,209 Start with2921 with1 runs to go
2024-06-19 14:46:00,212 Distribution dropout_mod3
1               1843
0               1080
2024-06-19 14:46:00,216 Distribution AFTER sampling dropout_mod3
1               1842
0               1079
2024-06-19 14:46:00,217 Features included Index(['login_day_0', 'login_day_1', 'login_day_2', 'login_day_3',
       'login_day_4', 'login_day_5', 'login_day_6', 'screening_wcs',
       'wcs_total', 'Group chat',
       ...
       'zwischen_mahlzeiten_gegessen_mean', 'zwischen_mahlzeiten_gegessen_min',
       'zwischen_mahlzeiten_gegessen_max', 'start_year', 'Weeks', 'AN', 'Fit',
       'Plus', 'basic', 'original'],
      dtype='object', length=207)
2024-06-19 14:46:01,752 lr Best Estimator Mean Training Score: 0.97 and test BACC: 0.97 and AUC 0.93
2024-06-19 14:46:01,763 Finished
